<component name="libraryTable">
  <library name="junit.platform.suite" type="repository">
    <properties maven-id="org.junit.platform:junit-platform-suite:1.11.1" />
    <CLASSES>
      <root url="jar://$PROJECT_DIR$/lib/junit-platform-suite-1.11.1.jar!/" />
      <root url="jar://$PROJECT_DIR$/lib/junit-platform-suite-api-1.11.1.jar!/" />
      <root url="jar://$PROJECT_DIR$/lib/junit-platform-commons-1.11.1.jar!/" />
      <root url="jar://$PROJECT_DIR$/lib/apiguardian-api-1.1.2.jar!/" />
      <root url="jar://$PROJECT_DIR$/lib/junit-platform-suite-engine-1.11.1.jar!/" />
      <root url="jar://$PROJECT_DIR$/lib/junit-platform-engine-1.11.1.jar!/" />
      <root url="jar://$PROJECT_DIR$/lib/opentest4j-1.3.0.jar!/" />
      <root url="jar://$PROJECT_DIR$/lib/junit-platform-suite-commons-1.11.1.jar!/" />
      <root url="jar://$PROJECT_DIR$/lib/junit-platform-launcher-1.11.1.jar!/" />
    </CLASSES>
    <JAVADOC />
    <SOURCES />
  </library>
</component>